<?xml version="1.0" encoding="UTF-8"?>
<!-- Generated by org.testng.reporters.JUnitXMLReporter -->
<testsuite ignored="0" hostname="Snehals-MacBook-Pro.local" failures="2" tests="5" name="PurchaseOrderListenersTest" time="43.231" errors="0" timestamp="2025-03-14T11:15:25 IST">
  <testcase classname="orderModule.PurchaseOrderListenersTest" name="placeThePurchaseTest" time="8.766">
    <skipped/>
  </testcase> <!-- placeThePurchaseTest -->
  <testcase classname="orderModule.PurchaseOrderListenersTest" name="placeThePurchaseTest" time="8.75">
    <failure type="java.lang.AssertionError" message="FAILED - While Validating the order confirmation msg expected [@@THANKYOU FOR THE ORDER.] but found [THANKYOU FOR THE ORDER.]">
      <![CDATA[java.lang.AssertionError: FAILED - While Validating the order confirmation msg expected [@@THANKYOU FOR THE ORDER.] but found [THANKYOU FOR THE ORDER.]
at orderModule.PurchaseOrderListenersTest.placeThePurchaseTest(PurchaseOrderListenersTest.java:51)
at java.base/java.util.ArrayList.forEach(ArrayList.java:1511)
... Removed 32 stack frames]]>
    </failure>
  </testcase> <!-- placeThePurchaseTest -->
  <testcase classname="orderModule.PurchaseOrderListenersTest" name="placeThePurchaseTest" time="8.771">
    <skipped/>
  </testcase> <!-- placeThePurchaseTest -->
  <testcase classname="orderModule.PurchaseOrderListenersTest" name="placeThePurchaseTest" time="8.762">
    <failure type="java.lang.AssertionError" message="FAILED - While Validating the order confirmation msg expected [@@THANKYOU FOR THE ORDER.] but found [THANKYOU FOR THE ORDER.]">
      <![CDATA[java.lang.AssertionError: FAILED - While Validating the order confirmation msg expected [@@THANKYOU FOR THE ORDER.] but found [THANKYOU FOR THE ORDER.]
at orderModule.PurchaseOrderListenersTest.placeThePurchaseTest(PurchaseOrderListenersTest.java:51)
at java.base/java.util.ArrayList.forEach(ArrayList.java:1511)
... Removed 32 stack frames]]>
    </failure>
  </testcase> <!-- placeThePurchaseTest -->
  <testcase classname="orderModule.PurchaseOrderListenersTest" name="orderHistoryTest" time="0.0">
    <skipped/>
  </testcase> <!-- orderHistoryTest -->
</testsuite> <!-- PurchaseOrderListenersTest -->
